C:\USERS\THESLAVEMASTER\CODEOSOCCER\SIMUROSOT\DEBUG\STRATEGY.PCH
C:\USERS\THESLAVEMASTER\CODEOSOCCER\SIMUROSOT\DEBUG\STDAFX.OBJ
C:\USERS\THESLAVEMASTER\CODEOSOCCER\SIMUROSOT\DEBUG\VC110.PDB
C:\USERS\THESLAVEMASTER\CODEOSOCCER\SIMUROSOT\DEBUG\CONFIG.OBJ
C:\USERS\THESLAVEMASTER\CODEOSOCCER\SIMUROSOT\DEBUG\MAIN.OBJ
C:\USERS\THESLAVEMASTER\CODEOSOCCER\SIMUROSOT\DEBUG\SKILLS.OBJ
C:\USERS\THESLAVEMASTER\CODEOSOCCER\SIMUROSOT\DEBUG\INTERSECTION.OBJ
C:\USERS\THESLAVEMASTER\CODEOSOCCER\SIMUROSOT\DEBUG\CLIENT.OBJ
C:\USERS\THESLAVEMASTER\CODEOSOCCER\SIMUROSOT\DEBUG\THREAD.OBJ
C:\USERS\THESLAVEMASTER\CODEOSOCCER\SIMUROSOT\DEBUG\BELIEFSTATE.OBJ
C:\USERS\THESLAVEMASTER\CODEOSOCCER\SIMUROSOT\DEBUG\COMM.OBJ
C:\USERS\THESLAVEMASTER\CODEOSOCCER\SIMUROSOT\DEBUG\SERVER.OBJ
C:\USERS\THESLAVEMASTER\CODEOSOCCER\SIMUROSOT\DEBUG\COMDEF.OBJ
C:\USERS\THESLAVEMASTER\CODEOSOCCER\SIMUROSOT\DEBUG\KALMAN.OBJ
C:\USERS\THESLAVEMASTER\CODEOSOCCER\SIMUROSOT\DEBUG\LOCALAVOIDANCE.OBJ
C:\USERS\THESLAVEMASTER\CODEOSOCCER\SIMUROSOT\DEBUG\STRATEGY.OBJ
C:\USERS\THESLAVEMASTER\CODEOSOCCER\SIMUROSOT\DEBUG\STRATEGY.ILK
C:\USERS\THESLAVEMASTER\CODEOSOCCER\SIMUROSOT\DEBUG\STRATEGY.DLL
C:\USERS\THESLAVEMASTER\CODEOSOCCER\SIMUROSOT\DEBUG\STRATEGY.PDB
C:\USERS\THESLAVEMASTER\CODEOSOCCER\SIMUROSOT\DEBUG\STRATEGY.RES
C:\Users\theslavemaster\codeosoccer\SimuroSot\Debug\Strategy.lib
C:\Users\theslavemaster\codeosoccer\SimuroSot\Debug\Strategy.exp
C:\Users\theslavemaster\codeosoccer\SimuroSot\Debug\beliefState.obj
C:\Users\theslavemaster\codeosoccer\SimuroSot\Debug\Client.obj
C:\Users\theslavemaster\codeosoccer\SimuroSot\Debug\comdef.obj
C:\Users\theslavemaster\codeosoccer\SimuroSot\Debug\comm.obj
C:\Users\theslavemaster\codeosoccer\SimuroSot\Debug\config.obj
C:\Users\theslavemaster\codeosoccer\SimuroSot\Debug\intersection.obj
C:\Users\theslavemaster\codeosoccer\SimuroSot\Debug\kalman.obj
C:\Users\theslavemaster\codeosoccer\SimuroSot\Debug\LocalAvoidance.obj
C:\Users\theslavemaster\codeosoccer\SimuroSot\Debug\main.obj
C:\Users\theslavemaster\codeosoccer\SimuroSot\Debug\Server.obj
C:\Users\theslavemaster\codeosoccer\SimuroSot\Debug\skills.obj
C:\Users\theslavemaster\codeosoccer\SimuroSot\Debug\StdAfx.obj
C:\Users\theslavemaster\codeosoccer\SimuroSot\Debug\Strategy.obj
C:\Users\theslavemaster\codeosoccer\SimuroSot\Debug\thread.obj
C:\Users\theslavemaster\codeosoccer\SimuroSot\Debug\Strategy.ilk
C:\Users\theslavemaster\codeosoccer\SimuroSot\Debug\cl.command.1.tlog
C:\Users\theslavemaster\codeosoccer\SimuroSot\Debug\CL.read.1.tlog
C:\Users\theslavemaster\codeosoccer\SimuroSot\Debug\CL.write.1.tlog
C:\Users\theslavemaster\codeosoccer\SimuroSot\Debug\link-cvtres.read.1.tlog
C:\Users\theslavemaster\codeosoccer\SimuroSot\Debug\link-cvtres.write.1.tlog
C:\Users\theslavemaster\codeosoccer\SimuroSot\Debug\link-rc.read.1.tlog
C:\Users\theslavemaster\codeosoccer\SimuroSot\Debug\link-rc.write.1.tlog
C:\Users\theslavemaster\codeosoccer\SimuroSot\Debug\link.command.1.tlog
C:\Users\theslavemaster\codeosoccer\SimuroSot\Debug\link.read.1.tlog
C:\Users\theslavemaster\codeosoccer\SimuroSot\Debug\link.write.1.tlog
C:\Users\theslavemaster\codeosoccer\SimuroSot\Debug\rc.command.1.tlog
C:\Users\theslavemaster\codeosoccer\SimuroSot\Debug\rc.read.1.tlog
C:\Users\theslavemaster\codeosoccer\SimuroSot\Debug\rc.write.1.tlog
C:\Users\theslavemaster\codeosoccer\SimuroSot\Debug\Strategy.write.1.tlog
C:\Users\theslavemaster\codeosoccer\SimuroSot\Debug\Strategy.res
C:\Users\theslavemaster\codeosoccer\SimuroSot\Debug\Strategy.pch
C:\Users\theslavemaster\codeosoccer\SimuroSot\Debug\vc110.idb
C:\Users\theslavemaster\codeosoccer\SimuroSot\Debug\Strategy.pdb
C:\Users\theslavemaster\codeosoccer\SimuroSot\Debug\vc110.pdb
C:\Users\theslavemaster\codeosoccer\SimuroSot\.\Debug\Strategy.dll
