C:\USERS\THESLAVEMASTER\CODEOSOCCER\SIMUROSOT\RELEASE\STRATEGY.PCH
C:\USERS\THESLAVEMASTER\CODEOSOCCER\SIMUROSOT\RELEASE\STDAFX.OBJ
C:\USERS\THESLAVEMASTER\CODEOSOCCER\SIMUROSOT\RELEASE\VC110.PDB
C:\USERS\THESLAVEMASTER\CODEOSOCCER\SIMUROSOT\RELEASE\LOCALAVOIDANCE.OBJ
C:\USERS\THESLAVEMASTER\CODEOSOCCER\SIMUROSOT\RELEASE\KALMAN.OBJ
C:\USERS\THESLAVEMASTER\CODEOSOCCER\SIMUROSOT\RELEASE\COMDEF.OBJ
C:\USERS\THESLAVEMASTER\CODEOSOCCER\SIMUROSOT\RELEASE\STRATEGY.OBJ
C:\USERS\THESLAVEMASTER\CODEOSOCCER\SIMUROSOT\RELEASE\SERVER.OBJ
C:\USERS\THESLAVEMASTER\CODEOSOCCER\SIMUROSOT\RELEASE\COMM.OBJ
C:\USERS\THESLAVEMASTER\CODEOSOCCER\SIMUROSOT\RELEASE\BELIEFSTATE.OBJ
C:\USERS\THESLAVEMASTER\CODEOSOCCER\SIMUROSOT\RELEASE\THREAD.OBJ
C:\USERS\THESLAVEMASTER\CODEOSOCCER\SIMUROSOT\RELEASE\CLIENT.OBJ
C:\USERS\THESLAVEMASTER\CODEOSOCCER\SIMUROSOT\RELEASE\INTERSECTION.OBJ
C:\USERS\THESLAVEMASTER\CODEOSOCCER\SIMUROSOT\RELEASE\SKILLS.OBJ
C:\USERS\THESLAVEMASTER\CODEOSOCCER\SIMUROSOT\RELEASE\MAIN.OBJ
C:\USERS\THESLAVEMASTER\CODEOSOCCER\SIMUROSOT\RELEASE\CONFIG.OBJ
C:\USERS\THESLAVEMASTER\CODEOSOCCER\SIMUROSOT\RELEASE\STRATEGY.DLL
C:\USERS\THESLAVEMASTER\CODEOSOCCER\SIMUROSOT\RELEASE\STRATEGY.RES
C:\Users\theslavemaster\codeosoccer\SimuroSot\Release\Strategy.lib
C:\Users\theslavemaster\codeosoccer\SimuroSot\Release\Strategy.exp
C:\Users\theslavemaster\codeosoccer\SimuroSot\Release\beliefState.obj
C:\Users\theslavemaster\codeosoccer\SimuroSot\Release\Client.obj
C:\Users\theslavemaster\codeosoccer\SimuroSot\Release\comdef.obj
C:\Users\theslavemaster\codeosoccer\SimuroSot\Release\comm.obj
C:\Users\theslavemaster\codeosoccer\SimuroSot\Release\config.obj
C:\Users\theslavemaster\codeosoccer\SimuroSot\Release\intersection.obj
C:\Users\theslavemaster\codeosoccer\SimuroSot\Release\kalman.obj
C:\Users\theslavemaster\codeosoccer\SimuroSot\Release\LocalAvoidance.obj
C:\Users\theslavemaster\codeosoccer\SimuroSot\Release\main.obj
C:\Users\theslavemaster\codeosoccer\SimuroSot\Release\Server.obj
C:\Users\theslavemaster\codeosoccer\SimuroSot\Release\skills.obj
C:\Users\theslavemaster\codeosoccer\SimuroSot\Release\StdAfx.obj
C:\Users\theslavemaster\codeosoccer\SimuroSot\Release\Strategy.obj
C:\Users\theslavemaster\codeosoccer\SimuroSot\Release\thread.obj
C:\Users\theslavemaster\codeosoccer\SimuroSot\Release\cl.command.1.tlog
C:\Users\theslavemaster\codeosoccer\SimuroSot\Release\CL.read.1.tlog
C:\Users\theslavemaster\codeosoccer\SimuroSot\Release\CL.write.1.tlog
C:\Users\theslavemaster\codeosoccer\SimuroSot\Release\link-cvtres.read.1.tlog
C:\Users\theslavemaster\codeosoccer\SimuroSot\Release\link-cvtres.write.1.tlog
C:\Users\theslavemaster\codeosoccer\SimuroSot\Release\link-rc.read.1.tlog
C:\Users\theslavemaster\codeosoccer\SimuroSot\Release\link-rc.write.1.tlog
C:\Users\theslavemaster\codeosoccer\SimuroSot\Release\link.command.1.tlog
C:\Users\theslavemaster\codeosoccer\SimuroSot\Release\link.read.1.tlog
C:\Users\theslavemaster\codeosoccer\SimuroSot\Release\link.write.1.tlog
C:\Users\theslavemaster\codeosoccer\SimuroSot\Release\rc.command.1.tlog
C:\Users\theslavemaster\codeosoccer\SimuroSot\Release\rc.read.1.tlog
C:\Users\theslavemaster\codeosoccer\SimuroSot\Release\rc.write.1.tlog
C:\Users\theslavemaster\codeosoccer\SimuroSot\Release\Strategy.write.1.tlog
C:\Users\theslavemaster\codeosoccer\SimuroSot\Release\Strategy.res
C:\Users\theslavemaster\codeosoccer\SimuroSot\Release\Strategy.pch
C:\Users\theslavemaster\codeosoccer\SimuroSot\Release\vc110.pdb
C:\Users\theslavemaster\codeosoccer\SimuroSot\.\Release\Strategy.dll
